<?xml version="1.0" encoding="UTF-8"?>
<!-- Generated by org.testng.reporters.JUnitReportReporter -->
<testsuite skipped="0" hostname="DESKTOP-ULCLG3N" name="package1.Property_File" tests="1" failures="0" timestamp="29 May 2023 09:21:39 GMT" time="1.514" errors="0">
  <testcase name="verifyLogin" time="1.514" classname="package1.Property_File"/>
</testsuite> <!-- package1.Property_File -->
