<?xml version="1.0" encoding="UTF-8"?>
<!-- Generated by org.testng.reporters.JUnitReportReporter -->
<testsuite skipped="0" hostname="DESKTOP-ULCLG3N" name="package1.AdvanceReports" tests="2" failures="0" timestamp="30 May 2023 12:48:38 GMT" time="10.657" errors="0">
  <testcase name="testcase1" time="6.081" classname="package1.AdvanceReports"/>
  <testcase name="testcase2" time="4.576" classname="package1.AdvanceReports"/>
</testsuite> <!-- package1.AdvanceReports -->
